0 info it worked if it ends with ok
1 verbose cli [ '/usr/local/bin/node', '/usr/local/bin/npm', 'install' ]
2 info using npm@3.3.12
3 info using node@v5.1.0
4 silly loadCurrentTree Starting
5 silly install loadCurrentTree
6 silly install readLocalPackageData
7 silly install normalizeTree
8 silly loadCurrentTree Finishing
9 silly loadIdealTree Starting
10 silly install loadIdealTree
11 silly cloneCurrentTree Starting
12 silly install cloneCurrentTreeToIdealTree
13 silly cloneCurrentTree Finishing
14 silly loadShrinkwrap Starting
15 silly install loadShrinkwrap
16 silly loadShrinkwrap Finishing
17 silly loadAllDepsIntoIdealTree Starting
18 silly install loadAllDepsIntoIdealTree
19 silly loadAllDepsIntoIdealTree Finishing
20 silly idealTree:prePrune fireshell@1.1.0
20 silly idealTree:prePrune ├── abbrev@1.0.7
20 silly idealTree:prePrune ├── amdefine@1.0.0
20 silly idealTree:prePrune ├── ansi-regex@2.0.0
20 silly idealTree:prePrune ├── ansi-styles@0.2.0
20 silly idealTree:prePrune ├── ansicolors@0.2.1
20 silly idealTree:prePrune ├── archy@0.0.2
20 silly idealTree:prePrune ├── argparse@1.0.6
20 silly idealTree:prePrune ├── asn1@0.1.11
20 silly idealTree:prePrune ├── assert-plus@0.1.5
20 silly idealTree:prePrune ├── async@0.2.10
20 silly idealTree:prePrune ├── autoprefixer@0.8.20131213
20 silly idealTree:prePrune ├── aws-sign@0.3.0
20 silly idealTree:prePrune ├── aws-sign2@0.6.0
20 silly idealTree:prePrune ├─┬ aws4@1.2.1
20 silly idealTree:prePrune │ └── lru-cache@2.7.3
20 silly idealTree:prePrune ├── binary@0.3.0
20 silly idealTree:prePrune ├─┬ bl@1.0.3
20 silly idealTree:prePrune │ └── readable-stream@2.0.5
20 silly idealTree:prePrune ├── block-stream@0.0.8
20 silly idealTree:prePrune ├── boom@0.4.2
20 silly idealTree:prePrune ├─┬ bower-config@0.5.2
20 silly idealTree:prePrune │ └── mout@0.9.1
20 silly idealTree:prePrune ├── bower-endpoint-parser@0.2.2
20 silly idealTree:prePrune ├── bower-json@0.4.0
20 silly idealTree:prePrune ├── bower-logger@0.2.2
20 silly idealTree:prePrune ├─┬ bower-registry-client@0.1.6
20 silly idealTree:prePrune │ ├── bower-config@0.4.5
20 silly idealTree:prePrune │ └── mout@0.6.0
20 silly idealTree:prePrune ├── bower@1.2.8
20 silly idealTree:prePrune ├── buffer-crc32@0.2.1
20 silly idealTree:prePrune ├── buffers@0.1.1
20 silly idealTree:prePrune ├── bytes@0.2.0
20 silly idealTree:prePrune ├── camelcase@1.2.1
20 silly idealTree:prePrune ├── cardinal@0.4.4
20 silly idealTree:prePrune ├── caseless@0.11.0
20 silly idealTree:prePrune ├── chainsaw@0.1.0
20 silly idealTree:prePrune ├── chalk@0.2.1
20 silly idealTree:prePrune ├── chmodr@0.1.2
20 silly idealTree:prePrune ├─┬ clean-css@1.1.7
20 silly idealTree:prePrune │ └── commander@2.0.0
20 silly idealTree:prePrune ├── cli-color@0.2.3
20 silly idealTree:prePrune ├── cli@0.4.5
20 silly idealTree:prePrune ├── coffee-script@1.3.3
20 silly idealTree:prePrune ├── color-convert@1.0.0
20 silly idealTree:prePrune ├── colors@0.6.2
20 silly idealTree:prePrune ├── combined-stream@0.0.7
20 silly idealTree:prePrune ├── commander@2.9.0
20 silly idealTree:prePrune ├─┬ configstore@0.3.2
20 silly idealTree:prePrune │ ├── graceful-fs@3.0.8
20 silly idealTree:prePrune │ ├── minimist@0.0.8
20 silly idealTree:prePrune │ ├── mkdirp@0.5.1
20 silly idealTree:prePrune │ └── osenv@0.1.3
20 silly idealTree:prePrune ├── connect-livereload@0.2.0
20 silly idealTree:prePrune ├─┬ connect@2.7.11
20 silly idealTree:prePrune │ └── qs@0.6.5
20 silly idealTree:prePrune ├── cookie-jar@0.3.0
20 silly idealTree:prePrune ├── cookie-signature@1.0.1
20 silly idealTree:prePrune ├── cookie@0.0.5
20 silly idealTree:prePrune ├── core-util-is@1.0.2
20 silly idealTree:prePrune ├── cryptiles@0.2.2
20 silly idealTree:prePrune ├── css-parse@1.6.0
20 silly idealTree:prePrune ├── css-stringify@1.4.1
20 silly idealTree:prePrune ├── ctype@0.5.3
20 silly idealTree:prePrune ├── dargs@0.1.0
20 silly idealTree:prePrune ├─┬ dashdash@1.13.0
20 silly idealTree:prePrune │ └── assert-plus@1.0.0
20 silly idealTree:prePrune ├── dateformat@1.0.2-1.2.3
20 silly idealTree:prePrune ├── debug@2.2.0
20 silly idealTree:prePrune ├── decamelize@1.1.2
20 silly idealTree:prePrune ├─┬ decompress-zip@0.0.8
20 silly idealTree:prePrune │ ├── graceful-fs@3.0.8
20 silly idealTree:prePrune │ ├── nopt@2.2.1
20 silly idealTree:prePrune │ └── q@1.0.1
20 silly idealTree:prePrune ├── deep-extend@0.2.11
20 silly idealTree:prePrune ├── delayed-stream@0.0.5
20 silly idealTree:prePrune ├── ecc-jsbn@0.1.1
20 silly idealTree:prePrune ├── es5-ext@0.9.2
20 silly idealTree:prePrune ├── escape-string-regexp@1.0.5
20 silly idealTree:prePrune ├── esprima@1.0.4
20 silly idealTree:prePrune ├── event-emitter@0.2.2
20 silly idealTree:prePrune ├── eventemitter2@0.4.14
20 silly idealTree:prePrune ├── exit@0.1.2
20 silly idealTree:prePrune ├── extend@3.0.0
20 silly idealTree:prePrune ├── extsprintf@1.0.2
20 silly idealTree:prePrune ├── faye-websocket@0.4.4
20 silly idealTree:prePrune ├── file-sync-cmp@0.1.1
20 silly idealTree:prePrune ├── fileset@0.1.8
20 silly idealTree:prePrune ├─┬ findup-sync@0.1.3
20 silly idealTree:prePrune │ └── lodash@2.4.2
20 silly idealTree:prePrune ├── forever-agent@0.5.2
20 silly idealTree:prePrune ├─┬ form-data@0.1.4
20 silly idealTree:prePrune │ └── async@0.9.2
20 silly idealTree:prePrune ├── formidable@1.0.14
20 silly idealTree:prePrune ├── fresh@0.1.0
20 silly idealTree:prePrune ├── fstream-ignore@0.0.10
20 silly idealTree:prePrune ├─┬ fstream@0.1.31
20 silly idealTree:prePrune │ ├── graceful-fs@3.0.8
20 silly idealTree:prePrune │ ├── minimist@0.0.8
20 silly idealTree:prePrune │ └── mkdirp@0.5.1
20 silly idealTree:prePrune ├─┬ gaze@0.3.4
20 silly idealTree:prePrune │ └── minimatch@0.2.14
20 silly idealTree:prePrune ├── generate-function@2.0.0
20 silly idealTree:prePrune ├── generate-object-property@1.2.0
20 silly idealTree:prePrune ├── getobject@0.1.0
20 silly idealTree:prePrune ├── glob@3.2.11
20 silly idealTree:prePrune ├── graceful-fs@2.0.3
20 silly idealTree:prePrune ├── graceful-readlink@1.0.1
20 silly idealTree:prePrune ├── grunt-autoprefixer@0.3.1
20 silly idealTree:prePrune ├── grunt-bower@0.16.1
20 silly idealTree:prePrune ├── grunt-contrib-clean@0.5.0
20 silly idealTree:prePrune ├── grunt-contrib-concat@0.3.0
20 silly idealTree:prePrune ├── grunt-contrib-connect@0.3.0
20 silly idealTree:prePrune ├─┬ grunt-contrib-copy@0.8.2
20 silly idealTree:prePrune │ ├── ansi-styles@2.2.0
20 silly idealTree:prePrune │ ├── chalk@1.1.1
20 silly idealTree:prePrune │ └── strip-ansi@3.0.1
20 silly idealTree:prePrune ├── grunt-contrib-cssmin@0.6.2
20 silly idealTree:prePrune ├── grunt-contrib-jshint@0.4.3
20 silly idealTree:prePrune ├── grunt-contrib-sass@0.5.1
20 silly idealTree:prePrune ├─┬ grunt-contrib-uglify@0.2.7
20 silly idealTree:prePrune │ ├── source-map@0.1.34
20 silly idealTree:prePrune │ └── uglify-js@2.4.24
20 silly idealTree:prePrune ├── grunt-contrib-watch@0.4.4
20 silly idealTree:prePrune ├─┬ grunt-legacy-log-utils@0.1.1
20 silly idealTree:prePrune │ ├── lodash@2.4.2
20 silly idealTree:prePrune │ └── underscore.string@2.3.3
20 silly idealTree:prePrune ├─┬ grunt-legacy-log@0.1.3
20 silly idealTree:prePrune │ ├── lodash@2.4.2
20 silly idealTree:prePrune │ └── underscore.string@2.3.3
20 silly idealTree:prePrune ├─┬ grunt-legacy-util@0.2.0
20 silly idealTree:prePrune │ ├── async@0.1.22
20 silly idealTree:prePrune │ └── lodash@0.9.2
20 silly idealTree:prePrune ├── grunt-lib-contrib@0.6.1
20 silly idealTree:prePrune ├── grunt-open@0.2.3
20 silly idealTree:prePrune ├─┬ grunt@0.4.5
20 silly idealTree:prePrune │ ├─┬ argparse@0.1.16
20 silly idealTree:prePrune │ │ └── underscore.string@2.4.0
20 silly idealTree:prePrune │ ├── async@0.1.22
20 silly idealTree:prePrune │ ├── glob@3.1.21
20 silly idealTree:prePrune │ ├── graceful-fs@1.2.3
20 silly idealTree:prePrune │ ├── inherits@1.0.2
20 silly idealTree:prePrune │ ├── js-yaml@2.0.5
20 silly idealTree:prePrune │ ├── lodash@0.9.2
20 silly idealTree:prePrune │ ├── minimatch@0.2.14
20 silly idealTree:prePrune │ └── nopt@1.0.10
20 silly idealTree:prePrune ├─┬ handlebars@1.0.12
20 silly idealTree:prePrune │ └── optimist@0.3.7
20 silly idealTree:prePrune ├─┬ har-validator@2.0.6
20 silly idealTree:prePrune │ ├── ansi-styles@2.2.0
20 silly idealTree:prePrune │ ├── chalk@1.1.1
20 silly idealTree:prePrune │ └── strip-ansi@3.0.1
20 silly idealTree:prePrune ├── has-ansi@2.0.0
20 silly idealTree:prePrune ├── has-color@0.1.7
20 silly idealTree:prePrune ├── hawk@1.0.0
20 silly idealTree:prePrune ├── hoek@0.9.1
20 silly idealTree:prePrune ├── hooker@0.2.3
20 silly idealTree:prePrune ├── http-signature@0.10.1
20 silly idealTree:prePrune ├── iconv-lite@0.2.11
20 silly idealTree:prePrune ├── inherits@2.0.1
20 silly idealTree:prePrune ├── inquirer@0.3.5
20 silly idealTree:prePrune ├── intersect@0.0.3
20 silly idealTree:prePrune ├── is-my-json-valid@2.13.1
20 silly idealTree:prePrune ├── is-property@1.0.2
20 silly idealTree:prePrune ├── is-typedarray@1.0.0
20 silly idealTree:prePrune ├── isarray@0.0.1
20 silly idealTree:prePrune ├── isstream@0.1.2
20 silly idealTree:prePrune ├── jodid25519@1.0.2
20 silly idealTree:prePrune ├─┬ js-yaml@3.5.3
20 silly idealTree:prePrune │ └── esprima@2.7.2
20 silly idealTree:prePrune ├── jsbn@0.1.0
20 silly idealTree:prePrune ├─┬ jshint@1.1.0
20 silly idealTree:prePrune │ ├── esprima@3.0.0-dev
20 silly idealTree:prePrune │ └── underscore@1.4.4
20 silly idealTree:prePrune ├── json-schema@0.2.2
20 silly idealTree:prePrune ├── json-stringify-safe@5.0.1
20 silly idealTree:prePrune ├── jsonpointer@2.0.0
20 silly idealTree:prePrune ├── jsprim@1.2.2
20 silly idealTree:prePrune ├── junk@0.2.2
20 silly idealTree:prePrune ├── lodash@1.2.1
20 silly idealTree:prePrune ├── lru-cache@2.3.1
20 silly idealTree:prePrune ├─┬ matchdep@0.1.2
20 silly idealTree:prePrune │ └── minimatch@0.2.14
20 silly idealTree:prePrune ├── memoizee@0.2.6
20 silly idealTree:prePrune ├── mime-db@1.22.0
20 silly idealTree:prePrune ├── mime-types@2.1.10
20 silly idealTree:prePrune ├── mime@1.2.11
20 silly idealTree:prePrune ├── minimatch@0.3.0
20 silly idealTree:prePrune ├── minimist@0.0.10
20 silly idealTree:prePrune ├── mkdirp@0.3.5
20 silly idealTree:prePrune ├── mkpath@0.1.0
20 silly idealTree:prePrune ├── mout@0.7.1
20 silly idealTree:prePrune ├── ms@0.7.1
20 silly idealTree:prePrune ├── mute-stream@0.0.3
20 silly idealTree:prePrune ├── next-tick@0.1.0
20 silly idealTree:prePrune ├── node-uuid@1.4.7
20 silly idealTree:prePrune ├── nopt@2.1.2
20 silly idealTree:prePrune ├─┬ noptify@0.0.3
20 silly idealTree:prePrune │ └── nopt@2.0.0
20 silly idealTree:prePrune ├── oauth-sign@0.3.0
20 silly idealTree:prePrune ├── object-assign@2.1.1
20 silly idealTree:prePrune ├── open@0.0.5
20 silly idealTree:prePrune ├── optimist@0.6.1
20 silly idealTree:prePrune ├── os-homedir@1.0.1
20 silly idealTree:prePrune ├── os-tmpdir@1.0.1
20 silly idealTree:prePrune ├── osenv@0.0.3
20 silly idealTree:prePrune ├── p-throttler@0.0.1
20 silly idealTree:prePrune ├── pause@0.0.1
20 silly idealTree:prePrune ├── peakle@0.0.1
20 silly idealTree:prePrune ├── pinkie-promise@2.0.0
20 silly idealTree:prePrune ├── pinkie@2.0.4
20 silly idealTree:prePrune ├── process-nextick-args@1.0.6
20 silly idealTree:prePrune ├── promptly@0.2.1
20 silly idealTree:prePrune ├── q@0.9.7
20 silly idealTree:prePrune ├── qs@0.6.6
20 silly idealTree:prePrune ├── range-parser@0.0.4
20 silly idealTree:prePrune ├─┬ read@1.0.7
20 silly idealTree:prePrune │ └── mute-stream@0.0.6
20 silly idealTree:prePrune ├── readable-stream@1.1.13
20 silly idealTree:prePrune ├── redeyed@0.4.4
20 silly idealTree:prePrune ├── request-progress@0.3.1
20 silly idealTree:prePrune ├── request-replay@0.2.0
20 silly idealTree:prePrune ├── request@2.27.0
20 silly idealTree:prePrune ├── retry@0.6.1
20 silly idealTree:prePrune ├── rimraf@2.2.8
20 silly idealTree:prePrune ├── semver@2.1.0
20 silly idealTree:prePrune ├── send@0.1.1
20 silly idealTree:prePrune ├── shelljs@0.1.4
20 silly idealTree:prePrune ├── sigmund@1.0.1
20 silly idealTree:prePrune ├── sntp@0.2.4
20 silly idealTree:prePrune ├── source-map@0.1.43
20 silly idealTree:prePrune ├── sprintf-js@1.0.3
20 silly idealTree:prePrune ├─┬ sshpk@1.7.4
20 silly idealTree:prePrune │ ├── asn1@0.2.3
20 silly idealTree:prePrune │ └── assert-plus@0.2.0
20 silly idealTree:prePrune ├── string_decoder@0.10.31
20 silly idealTree:prePrune ├── stringify-object@0.1.8
20 silly idealTree:prePrune ├── stringstream@0.0.5
20 silly idealTree:prePrune ├── strip-ansi@0.1.1
20 silly idealTree:prePrune ├─┬ sudo-block@0.2.1
20 silly idealTree:prePrune │ ├── ansi-styles@0.1.2
20 silly idealTree:prePrune │ └── chalk@0.1.1
20 silly idealTree:prePrune ├── supports-color@2.0.0
20 silly idealTree:prePrune ├── tar@0.1.20
20 silly idealTree:prePrune ├── throttleit@0.0.2
20 silly idealTree:prePrune ├─┬ tiny-lr@0.0.4
20 silly idealTree:prePrune │ ├── debug@0.7.4
20 silly idealTree:prePrune │ └── qs@0.5.6
20 silly idealTree:prePrune ├── tmp@0.0.28
20 silly idealTree:prePrune ├─┬ touch@0.0.2
20 silly idealTree:prePrune │ └── nopt@1.0.10
20 silly idealTree:prePrune ├── tough-cookie@2.2.1
20 silly idealTree:prePrune ├── traverse@0.3.9
20 silly idealTree:prePrune ├── tunnel-agent@0.3.0
20 silly idealTree:prePrune ├── tweetnacl@0.14.1
20 silly idealTree:prePrune ├─┬ uglify-js@2.3.6
20 silly idealTree:prePrune │ └── optimist@0.3.7
20 silly idealTree:prePrune ├── uglify-to-browserify@1.0.2
20 silly idealTree:prePrune ├── underscore.string@2.2.1
20 silly idealTree:prePrune ├── underscore@1.7.0
20 silly idealTree:prePrune ├─┬ update-notifier@0.1.10
20 silly idealTree:prePrune │ ├── ansi-styles@1.0.0
20 silly idealTree:prePrune │ ├── assert-plus@0.2.0
20 silly idealTree:prePrune │ ├── async@1.5.2
20 silly idealTree:prePrune │ ├── boom@2.10.1
20 silly idealTree:prePrune │ ├── chalk@0.4.0
20 silly idealTree:prePrune │ ├── combined-stream@1.0.5
20 silly idealTree:prePrune │ ├── cryptiles@2.0.5
20 silly idealTree:prePrune │ ├── delayed-stream@1.0.0
20 silly idealTree:prePrune │ ├── forever-agent@0.6.1
20 silly idealTree:prePrune │ ├── form-data@1.0.0-rc3
20 silly idealTree:prePrune │ ├── hawk@3.1.3
20 silly idealTree:prePrune │ ├── hoek@2.16.3
20 silly idealTree:prePrune │ ├── http-signature@1.1.1
20 silly idealTree:prePrune │ ├── oauth-sign@0.8.1
20 silly idealTree:prePrune │ ├── qs@6.0.2
20 silly idealTree:prePrune │ ├── request@2.69.0
20 silly idealTree:prePrune │ ├── semver@2.3.2
20 silly idealTree:prePrune │ ├── sntp@1.0.9
20 silly idealTree:prePrune │ └── tunnel-agent@0.4.2
20 silly idealTree:prePrune ├── user-home@1.1.1
20 silly idealTree:prePrune ├── util-deprecate@1.0.2
20 silly idealTree:prePrune ├── uuid@2.0.1
20 silly idealTree:prePrune ├── verror@1.3.6
20 silly idealTree:prePrune ├── which@1.0.9
20 silly idealTree:prePrune ├── window-size@0.1.0
20 silly idealTree:prePrune ├── wordwrap@0.0.3
20 silly idealTree:prePrune ├── xdg-basedir@1.0.1
20 silly idealTree:prePrune ├── xtend@4.0.1
20 silly idealTree:prePrune ├─┬ yargs@3.5.4
20 silly idealTree:prePrune │ └── wordwrap@0.0.2
20 silly idealTree:prePrune └── zlib-browserify@0.0.1
21 silly loadIdealTree Finishing
22 silly currentTree fireshell@1.1.0
22 silly currentTree ├── abbrev@1.0.7
22 silly currentTree ├── amdefine@1.0.0
22 silly currentTree ├── ansi-regex@2.0.0
22 silly currentTree ├── ansi-styles@0.2.0
22 silly currentTree ├── ansicolors@0.2.1
22 silly currentTree ├── archy@0.0.2
22 silly currentTree ├── argparse@1.0.6
22 silly currentTree ├── asn1@0.1.11
22 silly currentTree ├── assert-plus@0.1.5
22 silly currentTree ├── async@0.2.10
22 silly currentTree ├── autoprefixer@0.8.20131213
22 silly currentTree ├── aws-sign@0.3.0
22 silly currentTree ├── aws-sign2@0.6.0
22 silly currentTree ├─┬ aws4@1.2.1
22 silly currentTree │ └── lru-cache@2.7.3
22 silly currentTree ├── binary@0.3.0
22 silly currentTree ├─┬ bl@1.0.3
22 silly currentTree │ └── readable-stream@2.0.5
22 silly currentTree ├── block-stream@0.0.8
22 silly currentTree ├── boom@0.4.2
22 silly currentTree ├─┬ bower-config@0.5.2
22 silly currentTree │ └── mout@0.9.1
22 silly currentTree ├── bower-endpoint-parser@0.2.2
22 silly currentTree ├── bower-json@0.4.0
22 silly currentTree ├── bower-logger@0.2.2
22 silly currentTree ├─┬ bower-registry-client@0.1.6
22 silly currentTree │ ├── bower-config@0.4.5
22 silly currentTree │ └── mout@0.6.0
22 silly currentTree ├── bower@1.2.8
22 silly currentTree ├── buffer-crc32@0.2.1
22 silly currentTree ├── buffers@0.1.1
22 silly currentTree ├── bytes@0.2.0
22 silly currentTree ├── camelcase@1.2.1
22 silly currentTree ├── cardinal@0.4.4
22 silly currentTree ├── caseless@0.11.0
22 silly currentTree ├── chainsaw@0.1.0
22 silly currentTree ├── chalk@0.2.1
22 silly currentTree ├── chmodr@0.1.2
22 silly currentTree ├─┬ clean-css@1.1.7
22 silly currentTree │ └── commander@2.0.0
22 silly currentTree ├── cli-color@0.2.3
22 silly currentTree ├── cli@0.4.5
22 silly currentTree ├── coffee-script@1.3.3
22 silly currentTree ├── color-convert@1.0.0
22 silly currentTree ├── colors@0.6.2
22 silly currentTree ├── combined-stream@0.0.7
22 silly currentTree ├── commander@2.9.0
22 silly currentTree ├─┬ configstore@0.3.2
22 silly currentTree │ ├── graceful-fs@3.0.8
22 silly currentTree │ ├── minimist@0.0.8
22 silly currentTree │ ├── mkdirp@0.5.1
22 silly currentTree │ └── osenv@0.1.3
22 silly currentTree ├── connect-livereload@0.2.0
22 silly currentTree ├─┬ connect@2.7.11
22 silly currentTree │ └── qs@0.6.5
22 silly currentTree ├── cookie-jar@0.3.0
22 silly currentTree ├── cookie-signature@1.0.1
22 silly currentTree ├── cookie@0.0.5
22 silly currentTree ├── core-util-is@1.0.2
22 silly currentTree ├── cryptiles@0.2.2
22 silly currentTree ├── css-parse@1.6.0
22 silly currentTree ├── css-stringify@1.4.1
22 silly currentTree ├── ctype@0.5.3
22 silly currentTree ├── dargs@0.1.0
22 silly currentTree ├─┬ dashdash@1.13.0
22 silly currentTree │ └── assert-plus@1.0.0
22 silly currentTree ├── dateformat@1.0.2-1.2.3
22 silly currentTree ├── debug@2.2.0
22 silly currentTree ├── decamelize@1.1.2
22 silly currentTree ├─┬ decompress-zip@0.0.8
22 silly currentTree │ ├── graceful-fs@3.0.8
22 silly currentTree │ ├── nopt@2.2.1
22 silly currentTree │ └── q@1.0.1
22 silly currentTree ├── deep-extend@0.2.11
22 silly currentTree ├── delayed-stream@0.0.5
22 silly currentTree ├── ecc-jsbn@0.1.1
22 silly currentTree ├── es5-ext@0.9.2
22 silly currentTree ├── escape-string-regexp@1.0.5
22 silly currentTree ├── esprima@1.0.4
22 silly currentTree ├── event-emitter@0.2.2
22 silly currentTree ├── eventemitter2@0.4.14
22 silly currentTree ├── exit@0.1.2
22 silly currentTree ├── extend@3.0.0
22 silly currentTree ├── extsprintf@1.0.2
22 silly currentTree ├── faye-websocket@0.4.4
22 silly currentTree ├── file-sync-cmp@0.1.1
22 silly currentTree ├── fileset@0.1.8
22 silly currentTree ├─┬ findup-sync@0.1.3
22 silly currentTree │ └── lodash@2.4.2
22 silly currentTree ├── forever-agent@0.5.2
22 silly currentTree ├─┬ form-data@0.1.4
22 silly currentTree │ └── async@0.9.2
22 silly currentTree ├── formidable@1.0.14
22 silly currentTree ├── fresh@0.1.0
22 silly currentTree ├── fstream-ignore@0.0.10
22 silly currentTree ├─┬ fstream@0.1.31
22 silly currentTree │ ├── graceful-fs@3.0.8
22 silly currentTree │ ├── minimist@0.0.8
22 silly currentTree │ └── mkdirp@0.5.1
22 silly currentTree ├─┬ gaze@0.3.4
22 silly currentTree │ └── minimatch@0.2.14
22 silly currentTree ├── generate-function@2.0.0
22 silly currentTree ├── generate-object-property@1.2.0
22 silly currentTree ├── getobject@0.1.0
22 silly currentTree ├── glob@3.2.11
22 silly currentTree ├── graceful-fs@2.0.3
22 silly currentTree ├── graceful-readlink@1.0.1
22 silly currentTree ├── grunt-autoprefixer@0.3.1
22 silly currentTree ├── grunt-bower@0.16.1
22 silly currentTree ├── grunt-contrib-clean@0.5.0
22 silly currentTree ├── grunt-contrib-concat@0.3.0
22 silly currentTree ├── grunt-contrib-connect@0.3.0
22 silly currentTree ├─┬ grunt-contrib-copy@0.8.2
22 silly currentTree │ ├── ansi-styles@2.2.0
22 silly currentTree │ ├── chalk@1.1.1
22 silly currentTree │ └── strip-ansi@3.0.1
22 silly currentTree ├── grunt-contrib-cssmin@0.6.2
22 silly currentTree ├── grunt-contrib-jshint@0.4.3
22 silly currentTree ├── grunt-contrib-sass@0.5.1
22 silly currentTree ├─┬ grunt-contrib-uglify@0.2.7
22 silly currentTree │ ├── source-map@0.1.34
22 silly currentTree │ └── uglify-js@2.4.24
22 silly currentTree ├── grunt-contrib-watch@0.4.4
22 silly currentTree ├─┬ grunt-legacy-log-utils@0.1.1
22 silly currentTree │ ├── lodash@2.4.2
22 silly currentTree │ └── underscore.string@2.3.3
22 silly currentTree ├─┬ grunt-legacy-log@0.1.3
22 silly currentTree │ ├── lodash@2.4.2
22 silly currentTree │ └── underscore.string@2.3.3
22 silly currentTree ├─┬ grunt-legacy-util@0.2.0
22 silly currentTree │ ├── async@0.1.22
22 silly currentTree │ └── lodash@0.9.2
22 silly currentTree ├── grunt-lib-contrib@0.6.1
22 silly currentTree ├── grunt-open@0.2.3
22 silly currentTree ├─┬ grunt@0.4.5
22 silly currentTree │ ├─┬ argparse@0.1.16
22 silly currentTree │ │ └── underscore.string@2.4.0
22 silly currentTree │ ├── async@0.1.22
22 silly currentTree │ ├── glob@3.1.21
22 silly currentTree │ ├── graceful-fs@1.2.3
22 silly currentTree │ ├── inherits@1.0.2
22 silly currentTree │ ├── js-yaml@2.0.5
22 silly currentTree │ ├── lodash@0.9.2
22 silly currentTree │ ├── minimatch@0.2.14
22 silly currentTree │ └── nopt@1.0.10
22 silly currentTree ├─┬ handlebars@1.0.12
22 silly currentTree │ └── optimist@0.3.7
22 silly currentTree ├─┬ har-validator@2.0.6
22 silly currentTree │ ├── ansi-styles@2.2.0
22 silly currentTree │ ├── chalk@1.1.1
22 silly currentTree │ └── strip-ansi@3.0.1
22 silly currentTree ├── has-ansi@2.0.0
22 silly currentTree ├── has-color@0.1.7
22 silly currentTree ├── hawk@1.0.0
22 silly currentTree ├── hoek@0.9.1
22 silly currentTree ├── hooker@0.2.3
22 silly currentTree ├── http-signature@0.10.1
22 silly currentTree ├── iconv-lite@0.2.11
22 silly currentTree ├── inherits@2.0.1
22 silly currentTree ├── inquirer@0.3.5
22 silly currentTree ├── intersect@0.0.3
22 silly currentTree ├── is-my-json-valid@2.13.1
22 silly currentTree ├── is-property@1.0.2
22 silly currentTree ├── is-typedarray@1.0.0
22 silly currentTree ├── isarray@0.0.1
22 silly currentTree ├── isstream@0.1.2
22 silly currentTree ├── jodid25519@1.0.2
22 silly currentTree ├─┬ js-yaml@3.5.3
22 silly currentTree │ └── esprima@2.7.2
22 silly currentTree ├── jsbn@0.1.0
22 silly currentTree ├─┬ jshint@1.1.0
22 silly currentTree │ ├── esprima@3.0.0-dev
22 silly currentTree │ └── underscore@1.4.4
22 silly currentTree ├── json-schema@0.2.2
22 silly currentTree ├── json-stringify-safe@5.0.1
22 silly currentTree ├── jsonpointer@2.0.0
22 silly currentTree ├── jsprim@1.2.2
22 silly currentTree ├── junk@0.2.2
22 silly currentTree ├── lodash@1.2.1
22 silly currentTree ├── lru-cache@2.3.1
22 silly currentTree ├─┬ matchdep@0.1.2
22 silly currentTree │ └── minimatch@0.2.14
22 silly currentTree ├── memoizee@0.2.6
22 silly currentTree ├── mime-db@1.22.0
22 silly currentTree ├── mime-types@2.1.10
22 silly currentTree ├── mime@1.2.11
22 silly currentTree ├── minimatch@0.3.0
22 silly currentTree ├── minimist@0.0.10
22 silly currentTree ├── mkdirp@0.3.5
22 silly currentTree ├── mkpath@0.1.0
22 silly currentTree ├── mout@0.7.1
22 silly currentTree ├── ms@0.7.1
22 silly currentTree ├── mute-stream@0.0.3
22 silly currentTree ├── next-tick@0.1.0
22 silly currentTree ├── node-uuid@1.4.7
22 silly currentTree ├── nopt@2.1.2
22 silly currentTree ├─┬ noptify@0.0.3
22 silly currentTree │ └── nopt@2.0.0
22 silly currentTree ├── oauth-sign@0.3.0
22 silly currentTree ├── object-assign@2.1.1
22 silly currentTree ├── open@0.0.5
22 silly currentTree ├── optimist@0.6.1
22 silly currentTree ├── os-homedir@1.0.1
22 silly currentTree ├── os-tmpdir@1.0.1
22 silly currentTree ├── osenv@0.0.3
22 silly currentTree ├── p-throttler@0.0.1
22 silly currentTree ├── pause@0.0.1
22 silly currentTree ├── peakle@0.0.1
22 silly currentTree ├── pinkie-promise@2.0.0
22 silly currentTree ├── pinkie@2.0.4
22 silly currentTree ├── process-nextick-args@1.0.6
22 silly currentTree ├── promptly@0.2.1
22 silly currentTree ├── q@0.9.7
22 silly currentTree ├── qs@0.6.6
22 silly currentTree ├── range-parser@0.0.4
22 silly currentTree ├─┬ read@1.0.7
22 silly currentTree │ └── mute-stream@0.0.6
22 silly currentTree ├── readable-stream@1.1.13
22 silly currentTree ├── redeyed@0.4.4
22 silly currentTree ├── request-progress@0.3.1
22 silly currentTree ├── request-replay@0.2.0
22 silly currentTree ├── request@2.27.0
22 silly currentTree ├── retry@0.6.1
22 silly currentTree ├── rimraf@2.2.8
22 silly currentTree ├── semver@2.1.0
22 silly currentTree ├── send@0.1.1
22 silly currentTree ├── shelljs@0.1.4
22 silly currentTree ├── sigmund@1.0.1
22 silly currentTree ├── sntp@0.2.4
22 silly currentTree ├── source-map@0.1.43
22 silly currentTree ├── sprintf-js@1.0.3
22 silly currentTree ├─┬ sshpk@1.7.4
22 silly currentTree │ ├── asn1@0.2.3
22 silly currentTree │ └── assert-plus@0.2.0
22 silly currentTree ├── string_decoder@0.10.31
22 silly currentTree ├── stringify-object@0.1.8
22 silly currentTree ├── stringstream@0.0.5
22 silly currentTree ├── strip-ansi@0.1.1
22 silly currentTree ├─┬ sudo-block@0.2.1
22 silly currentTree │ ├── ansi-styles@0.1.2
22 silly currentTree │ └── chalk@0.1.1
22 silly currentTree ├── supports-color@2.0.0
22 silly currentTree ├── tar@0.1.20
22 silly currentTree ├── throttleit@0.0.2
22 silly currentTree ├─┬ tiny-lr@0.0.4
22 silly currentTree │ ├── debug@0.7.4
22 silly currentTree │ └── qs@0.5.6
22 silly currentTree ├── tmp@0.0.28
22 silly currentTree ├─┬ touch@0.0.2
22 silly currentTree │ └── nopt@1.0.10
22 silly currentTree ├── tough-cookie@2.2.1
22 silly currentTree ├── traverse@0.3.9
22 silly currentTree ├── tunnel-agent@0.3.0
22 silly currentTree ├── tweetnacl@0.14.1
22 silly currentTree ├─┬ uglify-js@2.3.6
22 silly currentTree │ └── optimist@0.3.7
22 silly currentTree ├── uglify-to-browserify@1.0.2
22 silly currentTree ├── underscore.string@2.2.1
22 silly currentTree ├── underscore@1.7.0
22 silly currentTree ├─┬ update-notifier@0.1.10
22 silly currentTree │ ├── ansi-styles@1.0.0
22 silly currentTree │ ├── assert-plus@0.2.0
22 silly currentTree │ ├── async@1.5.2
22 silly currentTree │ ├── boom@2.10.1
22 silly currentTree │ ├── chalk@0.4.0
22 silly currentTree │ ├── combined-stream@1.0.5
22 silly currentTree │ ├── cryptiles@2.0.5
22 silly currentTree │ ├── delayed-stream@1.0.0
22 silly currentTree │ ├── forever-agent@0.6.1
22 silly currentTree │ ├── form-data@1.0.0-rc3
22 silly currentTree │ ├── hawk@3.1.3
22 silly currentTree │ ├── hoek@2.16.3
22 silly currentTree │ ├── http-signature@1.1.1
22 silly currentTree │ ├── oauth-sign@0.8.1
22 silly currentTree │ ├── qs@6.0.2
22 silly currentTree │ ├── request@2.69.0
22 silly currentTree │ ├── semver@2.3.2
22 silly currentTree │ ├── sntp@1.0.9
22 silly currentTree │ └── tunnel-agent@0.4.2
22 silly currentTree ├── user-home@1.1.1
22 silly currentTree ├── util-deprecate@1.0.2
22 silly currentTree ├── uuid@2.0.1
22 silly currentTree ├── verror@1.3.6
22 silly currentTree ├── which@1.0.9
22 silly currentTree ├── window-size@0.1.0
22 silly currentTree ├── wordwrap@0.0.3
22 silly currentTree ├── xdg-basedir@1.0.1
22 silly currentTree ├── xtend@4.0.1
22 silly currentTree ├─┬ yargs@3.5.4
22 silly currentTree │ └── wordwrap@0.0.2
22 silly currentTree └── zlib-browserify@0.0.1
23 silly idealTree fireshell@1.1.0
23 silly idealTree ├── abbrev@1.0.7
23 silly idealTree ├── amdefine@1.0.0
23 silly idealTree ├── ansi-regex@2.0.0
23 silly idealTree ├── ansi-styles@0.2.0
23 silly idealTree ├── ansicolors@0.2.1
23 silly idealTree ├── archy@0.0.2
23 silly idealTree ├── argparse@1.0.6
23 silly idealTree ├── asn1@0.1.11
23 silly idealTree ├── assert-plus@0.1.5
23 silly idealTree ├── async@0.2.10
23 silly idealTree ├── autoprefixer@0.8.20131213
23 silly idealTree ├── aws-sign@0.3.0
23 silly idealTree ├── aws-sign2@0.6.0
23 silly idealTree ├─┬ aws4@1.2.1
23 silly idealTree │ └── lru-cache@2.7.3
23 silly idealTree ├── binary@0.3.0
23 silly idealTree ├─┬ bl@1.0.3
23 silly idealTree │ └── readable-stream@2.0.5
23 silly idealTree ├── block-stream@0.0.8
23 silly idealTree ├── boom@0.4.2
23 silly idealTree ├─┬ bower-config@0.5.2
23 silly idealTree │ └── mout@0.9.1
23 silly idealTree ├── bower-endpoint-parser@0.2.2
23 silly idealTree ├── bower-json@0.4.0
23 silly idealTree ├── bower-logger@0.2.2
23 silly idealTree ├─┬ bower-registry-client@0.1.6
23 silly idealTree │ ├── bower-config@0.4.5
23 silly idealTree │ └── mout@0.6.0
23 silly idealTree ├── bower@1.2.8
23 silly idealTree ├── buffer-crc32@0.2.1
23 silly idealTree ├── buffers@0.1.1
23 silly idealTree ├── bytes@0.2.0
23 silly idealTree ├── camelcase@1.2.1
23 silly idealTree ├── cardinal@0.4.4
23 silly idealTree ├── caseless@0.11.0
23 silly idealTree ├── chainsaw@0.1.0
23 silly idealTree ├── chalk@0.2.1
23 silly idealTree ├── chmodr@0.1.2
23 silly idealTree ├─┬ clean-css@1.1.7
23 silly idealTree │ └── commander@2.0.0
23 silly idealTree ├── cli-color@0.2.3
23 silly idealTree ├── cli@0.4.5
23 silly idealTree ├── coffee-script@1.3.3
23 silly idealTree ├── color-convert@1.0.0
23 silly idealTree ├── colors@0.6.2
23 silly idealTree ├── combined-stream@0.0.7
23 silly idealTree ├── commander@2.9.0
23 silly idealTree ├─┬ configstore@0.3.2
23 silly idealTree │ ├── graceful-fs@3.0.8
23 silly idealTree │ ├── minimist@0.0.8
23 silly idealTree │ ├── mkdirp@0.5.1
23 silly idealTree │ └── osenv@0.1.3
23 silly idealTree ├── connect-livereload@0.2.0
23 silly idealTree ├─┬ connect@2.7.11
23 silly idealTree │ └── qs@0.6.5
23 silly idealTree ├── cookie-jar@0.3.0
23 silly idealTree ├── cookie-signature@1.0.1
23 silly idealTree ├── cookie@0.0.5
23 silly idealTree ├── core-util-is@1.0.2
23 silly idealTree ├── cryptiles@0.2.2
23 silly idealTree ├── css-parse@1.6.0
23 silly idealTree ├── css-stringify@1.4.1
23 silly idealTree ├── ctype@0.5.3
23 silly idealTree ├── dargs@0.1.0
23 silly idealTree ├─┬ dashdash@1.13.0
23 silly idealTree │ └── assert-plus@1.0.0
23 silly idealTree ├── dateformat@1.0.2-1.2.3
23 silly idealTree ├── debug@2.2.0
23 silly idealTree ├── decamelize@1.1.2
23 silly idealTree ├─┬ decompress-zip@0.0.8
23 silly idealTree │ ├── graceful-fs@3.0.8
23 silly idealTree │ ├── nopt@2.2.1
23 silly idealTree │ └── q@1.0.1
23 silly idealTree ├── deep-extend@0.2.11
23 silly idealTree ├── delayed-stream@0.0.5
23 silly idealTree ├── ecc-jsbn@0.1.1
23 silly idealTree ├── es5-ext@0.9.2
23 silly idealTree ├── escape-string-regexp@1.0.5
23 silly idealTree ├── esprima@1.0.4
23 silly idealTree ├── event-emitter@0.2.2
23 silly idealTree ├── eventemitter2@0.4.14
23 silly idealTree ├── exit@0.1.2
23 silly idealTree ├── extend@3.0.0
23 silly idealTree ├── extsprintf@1.0.2
23 silly idealTree ├── faye-websocket@0.4.4
23 silly idealTree ├── file-sync-cmp@0.1.1
23 silly idealTree ├── fileset@0.1.8
23 silly idealTree ├─┬ findup-sync@0.1.3
23 silly idealTree │ └── lodash@2.4.2
23 silly idealTree ├── forever-agent@0.5.2
23 silly idealTree ├─┬ form-data@0.1.4
23 silly idealTree │ └── async@0.9.2
23 silly idealTree ├── formidable@1.0.14
23 silly idealTree ├── fresh@0.1.0
23 silly idealTree ├── fstream-ignore@0.0.10
23 silly idealTree ├─┬ fstream@0.1.31
23 silly idealTree │ ├── graceful-fs@3.0.8
23 silly idealTree │ ├── minimist@0.0.8
23 silly idealTree │ └── mkdirp@0.5.1
23 silly idealTree ├─┬ gaze@0.3.4
23 silly idealTree │ └── minimatch@0.2.14
23 silly idealTree ├── generate-function@2.0.0
23 silly idealTree ├── generate-object-property@1.2.0
23 silly idealTree ├── getobject@0.1.0
23 silly idealTree ├── glob@3.2.11
23 silly idealTree ├── graceful-fs@2.0.3
23 silly idealTree ├── graceful-readlink@1.0.1
23 silly idealTree ├── grunt-autoprefixer@0.3.1
23 silly idealTree ├── grunt-bower@0.16.1
23 silly idealTree ├── grunt-contrib-clean@0.5.0
23 silly idealTree ├── grunt-contrib-concat@0.3.0
23 silly idealTree ├── grunt-contrib-connect@0.3.0
23 silly idealTree ├─┬ grunt-contrib-copy@0.8.2
23 silly idealTree │ ├── ansi-styles@2.2.0
23 silly idealTree │ ├── chalk@1.1.1
23 silly idealTree │ └── strip-ansi@3.0.1
23 silly idealTree ├── grunt-contrib-cssmin@0.6.2
23 silly idealTree ├── grunt-contrib-jshint@0.4.3
23 silly idealTree ├── grunt-contrib-sass@0.5.1
23 silly idealTree ├─┬ grunt-contrib-uglify@0.2.7
23 silly idealTree │ ├── source-map@0.1.34
23 silly idealTree │ └── uglify-js@2.4.24
23 silly idealTree ├── grunt-contrib-watch@0.4.4
23 silly idealTree ├─┬ grunt-legacy-log-utils@0.1.1
23 silly idealTree │ ├── lodash@2.4.2
23 silly idealTree │ └── underscore.string@2.3.3
23 silly idealTree ├─┬ grunt-legacy-log@0.1.3
23 silly idealTree │ ├── lodash@2.4.2
23 silly idealTree │ └── underscore.string@2.3.3
23 silly idealTree ├─┬ grunt-legacy-util@0.2.0
23 silly idealTree │ ├── async@0.1.22
23 silly idealTree │ └── lodash@0.9.2
23 silly idealTree ├── grunt-lib-contrib@0.6.1
23 silly idealTree ├── grunt-open@0.2.3
23 silly idealTree ├─┬ grunt@0.4.5
23 silly idealTree │ ├─┬ argparse@0.1.16
23 silly idealTree │ │ └── underscore.string@2.4.0
23 silly idealTree │ ├── async@0.1.22
23 silly idealTree │ ├── glob@3.1.21
23 silly idealTree │ ├── graceful-fs@1.2.3
23 silly idealTree │ ├── inherits@1.0.2
23 silly idealTree │ ├── js-yaml@2.0.5
23 silly idealTree │ ├── lodash@0.9.2
23 silly idealTree │ ├── minimatch@0.2.14
23 silly idealTree │ └── nopt@1.0.10
23 silly idealTree ├─┬ handlebars@1.0.12
23 silly idealTree │ └── optimist@0.3.7
23 silly idealTree ├─┬ har-validator@2.0.6
23 silly idealTree │ ├── ansi-styles@2.2.0
23 silly idealTree │ ├── chalk@1.1.1
23 silly idealTree │ └── strip-ansi@3.0.1
23 silly idealTree ├── has-ansi@2.0.0
23 silly idealTree ├── has-color@0.1.7
23 silly idealTree ├── hawk@1.0.0
23 silly idealTree ├── hoek@0.9.1
23 silly idealTree ├── hooker@0.2.3
23 silly idealTree ├── http-signature@0.10.1
23 silly idealTree ├── iconv-lite@0.2.11
23 silly idealTree ├── inherits@2.0.1
23 silly idealTree ├── inquirer@0.3.5
23 silly idealTree ├── intersect@0.0.3
23 silly idealTree ├── is-my-json-valid@2.13.1
23 silly idealTree ├── is-property@1.0.2
23 silly idealTree ├── is-typedarray@1.0.0
23 silly idealTree ├── isarray@0.0.1
23 silly idealTree ├── isstream@0.1.2
23 silly idealTree ├── jodid25519@1.0.2
23 silly idealTree ├─┬ js-yaml@3.5.3
23 silly idealTree │ └── esprima@2.7.2
23 silly idealTree ├── jsbn@0.1.0
23 silly idealTree ├─┬ jshint@1.1.0
23 silly idealTree │ ├── esprima@3.0.0-dev
23 silly idealTree │ └── underscore@1.4.4
23 silly idealTree ├── json-schema@0.2.2
23 silly idealTree ├── json-stringify-safe@5.0.1
23 silly idealTree ├── jsonpointer@2.0.0
23 silly idealTree ├── jsprim@1.2.2
23 silly idealTree ├── junk@0.2.2
23 silly idealTree ├── lodash@1.2.1
23 silly idealTree ├── lru-cache@2.3.1
23 silly idealTree ├─┬ matchdep@0.1.2
23 silly idealTree │ └── minimatch@0.2.14
23 silly idealTree ├── memoizee@0.2.6
23 silly idealTree ├── mime-db@1.22.0
23 silly idealTree ├── mime-types@2.1.10
23 silly idealTree ├── mime@1.2.11
23 silly idealTree ├── minimatch@0.3.0
23 silly idealTree ├── minimist@0.0.10
23 silly idealTree ├── mkdirp@0.3.5
23 silly idealTree ├── mkpath@0.1.0
23 silly idealTree ├── mout@0.7.1
23 silly idealTree ├── ms@0.7.1
23 silly idealTree ├── mute-stream@0.0.3
23 silly idealTree ├── next-tick@0.1.0
23 silly idealTree ├── node-uuid@1.4.7
23 silly idealTree ├── nopt@2.1.2
23 silly idealTree ├─┬ noptify@0.0.3
23 silly idealTree │ └── nopt@2.0.0
23 silly idealTree ├── oauth-sign@0.3.0
23 silly idealTree ├── object-assign@2.1.1
23 silly idealTree ├── open@0.0.5
23 silly idealTree ├── optimist@0.6.1
23 silly idealTree ├── os-homedir@1.0.1
23 silly idealTree ├── os-tmpdir@1.0.1
23 silly idealTree ├── osenv@0.0.3
23 silly idealTree ├── p-throttler@0.0.1
23 silly idealTree ├── pause@0.0.1
23 silly idealTree ├── peakle@0.0.1
23 silly idealTree ├── pinkie-promise@2.0.0
23 silly idealTree ├── pinkie@2.0.4
23 silly idealTree ├── process-nextick-args@1.0.6
23 silly idealTree ├── promptly@0.2.1
23 silly idealTree ├── q@0.9.7
23 silly idealTree ├── qs@0.6.6
23 silly idealTree ├── range-parser@0.0.4
23 silly idealTree ├─┬ read@1.0.7
23 silly idealTree │ └── mute-stream@0.0.6
23 silly idealTree ├── readable-stream@1.1.13
23 silly idealTree ├── redeyed@0.4.4
23 silly idealTree ├── request-progress@0.3.1
23 silly idealTree ├── request-replay@0.2.0
23 silly idealTree ├── request@2.27.0
23 silly idealTree ├── retry@0.6.1
23 silly idealTree ├── rimraf@2.2.8
23 silly idealTree ├── semver@2.1.0
23 silly idealTree ├── send@0.1.1
23 silly idealTree ├── shelljs@0.1.4
23 silly idealTree ├── sigmund@1.0.1
23 silly idealTree ├── sntp@0.2.4
23 silly idealTree ├── source-map@0.1.43
23 silly idealTree ├── sprintf-js@1.0.3
23 silly idealTree ├─┬ sshpk@1.7.4
23 silly idealTree │ ├── asn1@0.2.3
23 silly idealTree │ └── assert-plus@0.2.0
23 silly idealTree ├── string_decoder@0.10.31
23 silly idealTree ├── stringify-object@0.1.8
23 silly idealTree ├── stringstream@0.0.5
23 silly idealTree ├── strip-ansi@0.1.1
23 silly idealTree ├─┬ sudo-block@0.2.1
23 silly idealTree │ ├── ansi-styles@0.1.2
23 silly idealTree │ └── chalk@0.1.1
23 silly idealTree ├── supports-color@2.0.0
23 silly idealTree ├── tar@0.1.20
23 silly idealTree ├── throttleit@0.0.2
23 silly idealTree ├─┬ tiny-lr@0.0.4
23 silly idealTree │ ├── debug@0.7.4
23 silly idealTree │ └── qs@0.5.6
23 silly idealTree ├── tmp@0.0.28
23 silly idealTree ├─┬ touch@0.0.2
23 silly idealTree │ └── nopt@1.0.10
23 silly idealTree ├── tough-cookie@2.2.1
23 silly idealTree ├── traverse@0.3.9
23 silly idealTree ├── tunnel-agent@0.3.0
23 silly idealTree ├── tweetnacl@0.14.1
23 silly idealTree ├─┬ uglify-js@2.3.6
23 silly idealTree │ └── optimist@0.3.7
23 silly idealTree ├── uglify-to-browserify@1.0.2
23 silly idealTree ├── underscore.string@2.2.1
23 silly idealTree ├── underscore@1.7.0
23 silly idealTree ├─┬ update-notifier@0.1.10
23 silly idealTree │ ├── ansi-styles@1.0.0
23 silly idealTree │ ├── assert-plus@0.2.0
23 silly idealTree │ ├── async@1.5.2
23 silly idealTree │ ├── boom@2.10.1
23 silly idealTree │ ├── chalk@0.4.0
23 silly idealTree │ ├── combined-stream@1.0.5
23 silly idealTree │ ├── cryptiles@2.0.5
23 silly idealTree │ ├── delayed-stream@1.0.0
23 silly idealTree │ ├── forever-agent@0.6.1
23 silly idealTree │ ├── form-data@1.0.0-rc3
23 silly idealTree │ ├── hawk@3.1.3
23 silly idealTree │ ├── hoek@2.16.3
23 silly idealTree │ ├── http-signature@1.1.1
23 silly idealTree │ ├── oauth-sign@0.8.1
23 silly idealTree │ ├── qs@6.0.2
23 silly idealTree │ ├── request@2.69.0
23 silly idealTree │ ├── semver@2.3.2
23 silly idealTree │ ├── sntp@1.0.9
23 silly idealTree │ └── tunnel-agent@0.4.2
23 silly idealTree ├── user-home@1.1.1
23 silly idealTree ├── util-deprecate@1.0.2
23 silly idealTree ├── uuid@2.0.1
23 silly idealTree ├── verror@1.3.6
23 silly idealTree ├── which@1.0.9
23 silly idealTree ├── window-size@0.1.0
23 silly idealTree ├── wordwrap@0.0.3
23 silly idealTree ├── xdg-basedir@1.0.1
23 silly idealTree ├── xtend@4.0.1
23 silly idealTree ├─┬ yargs@3.5.4
23 silly idealTree │ └── wordwrap@0.0.2
23 silly idealTree └── zlib-browserify@0.0.1
24 silly generateActionsToTake Starting
25 silly install generateActionsToTake
26 silly generateActionsToTake Finishing
27 silly diffTrees action count 0
28 silly decomposeActions action count 0
29 silly executeActions Starting
30 silly install executeActions
31 silly doSerial global-install 0
32 silly doParallel fetch 0
33 verbose lock using /Users/olivier/.npm/_locks/staging-bd4d167686119876.lock for /Users/olivier/Projects/ekito/nowave/nowave-landing/node_modules/.staging
34 silly doParallel extract 0
35 silly doParallel preinstall 0
36 silly doReverseSerial remove 0
37 silly doSerial move 0
38 silly doSerial finalize 0
39 silly doSerial build 0
40 silly doSerial global-link 0
41 silly doParallel update-linked 0
42 silly doSerial install 0
43 silly doSerial postinstall 0
44 verbose unlock done using /Users/olivier/.npm/_locks/staging-bd4d167686119876.lock for /Users/olivier/Projects/ekito/nowave/nowave-landing/node_modules/.staging
45 silly executeActions Finishing
46 silly rollbackFailedOptional Starting
47 silly rollbackFailedOptional Finishing
48 silly runTopLevelLifecycles Starting
49 silly install runTopLevelLifecycles
50 silly preinstall fireshell@1.1.0 /Users/olivier/Projects/ekito/nowave/nowave-landing/fireshell-6ba51aa3a7f78e39e663c843cac7818f
51 info lifecycle fireshell@1.1.0~preinstall: fireshell@1.1.0
52 silly lifecycle fireshell@1.1.0~preinstall: no script for preinstall, continuing
53 silly build fireshell@1.1.0
54 info linkStuff fireshell@1.1.0
55 silly linkStuff fireshell@1.1.0 has /Users/olivier/Projects/ekito/nowave as its parent node_modules
56 verbose linkBins fireshell@1.1.0
57 verbose linkMans fireshell@1.1.0
58 silly install fireshell@1.1.0 /Users/olivier/Projects/ekito/nowave/nowave-landing/fireshell-6ba51aa3a7f78e39e663c843cac7818f
59 info lifecycle fireshell@1.1.0~install: fireshell@1.1.0
60 silly lifecycle fireshell@1.1.0~install: no script for install, continuing
61 silly postinstall fireshell@1.1.0 /Users/olivier/Projects/ekito/nowave/nowave-landing/fireshell-6ba51aa3a7f78e39e663c843cac7818f
62 info lifecycle fireshell@1.1.0~postinstall: fireshell@1.1.0
63 verbose lifecycle fireshell@1.1.0~postinstall: unsafe-perm in lifecycle true
64 verbose lifecycle fireshell@1.1.0~postinstall: PATH: /usr/local/lib/node_modules/npm/bin/node-gyp-bin:/Users/olivier/Projects/ekito/nowave/nowave-landing/node_modules/.bin:/Users/olivier/.rbenv/shims:/Users/olivier/.jenv/shims:/Users/olivier/Tools/play-2.0.4:/Users/olivier/.jenv/shims:/Users/olivier/.jenv/bin:/usr/local/bin:/usr/bin:/bin:/usr/sbin:/sbin:/opt/X11/bin
65 verbose lifecycle fireshell@1.1.0~postinstall: CWD: /Users/olivier/Projects/ekito/nowave/nowave-landing
66 silly lifecycle fireshell@1.1.0~postinstall: Args: [ '-c', 'bower install' ]
67 silly lifecycle fireshell@1.1.0~postinstall: Returned: code: 1  signal: null
68 info lifecycle fireshell@1.1.0~postinstall: Failed to exec postinstall script
69 verbose stack Error: fireshell@1.1.0 postinstall: `bower install`
69 verbose stack Exit status 1
69 verbose stack     at EventEmitter.<anonymous> (/usr/local/lib/node_modules/npm/lib/utils/lifecycle.js:232:16)
69 verbose stack     at emitTwo (events.js:87:13)
69 verbose stack     at EventEmitter.emit (events.js:172:7)
69 verbose stack     at ChildProcess.<anonymous> (/usr/local/lib/node_modules/npm/lib/utils/spawn.js:24:14)
69 verbose stack     at emitTwo (events.js:87:13)
69 verbose stack     at ChildProcess.emit (events.js:172:7)
69 verbose stack     at maybeClose (internal/child_process.js:818:16)
69 verbose stack     at Process.ChildProcess._handle.onexit (internal/child_process.js:211:5)
70 verbose pkgid fireshell@1.1.0
71 verbose cwd /Users/olivier/Projects/ekito/nowave/nowave-landing
72 error Darwin 15.3.0
73 error argv "/usr/local/bin/node" "/usr/local/bin/npm" "install"
74 error node v5.1.0
75 error npm  v3.3.12
76 error code ELIFECYCLE
77 error fireshell@1.1.0 postinstall: `bower install`
77 error Exit status 1
78 error Failed at the fireshell@1.1.0 postinstall script 'bower install'.
78 error Make sure you have the latest version of node.js and npm installed.
78 error If you do, this is most likely a problem with the fireshell package,
78 error not with npm itself.
78 error Tell the author that this fails on your system:
78 error     bower install
78 error You can get their info via:
78 error     npm owner ls fireshell
78 error There is likely additional logging output above.
79 verbose exit [ 1, true ]
